2025-05-25 07:50:09,793 - apscheduler.scheduler - INFO - Scheduler started
2025-05-25 07:50:09,876 - werkzeug - INFO - [31m[1mWARNING: This is a development server. Do not use it in a production deployment. Use a production WSGI server instead.[0m
 * Running on all addresses (0.0.0.0)
 * Running on http://127.0.0.1:5000
 * Running on http://192.168.138.48:5000
2025-05-25 07:50:09,876 - werkzeug - INFO - [33mPress CTRL+C to quit[0m
2025-05-25 07:50:09,885 - werkzeug - INFO -  * Restarting with stat
2025-05-25 07:50:13,246 - apscheduler.scheduler - INFO - Scheduler started
2025-05-25 07:50:13,326 - werkzeug - WARNING -  * Debugger is active!
2025-05-25 07:50:13,328 - werkzeug - INFO -  * Debugger PIN: 228-824-630
2025-05-25 07:50:17,949 - werkzeug - INFO - 127.0.0.1 - - [25/May/2025 07:50:17] "GET / HTTP/1.1" 200 -
2025-05-25 07:50:18,110 - werkzeug - INFO - 127.0.0.1 - - [25/May/2025 07:50:18] "[33mGET /favicon.ico HTTP/1.1[0m" 404 -
2025-05-25 08:10:33,065 - werkzeug - INFO - 127.0.0.1 - - [25/May/2025 08:10:33] "OPTIONS /api/login HTTP/1.1" 200 -
2025-05-25 08:17:27,055 - werkzeug - INFO - 127.0.0.1 - - [25/May/2025 08:17:27] "OPTIONS /api/sos HTTP/1.1" 200 -
2025-05-25 08:17:31,355 - send_email - INFO - SOS email sent successfully to Emergency Contact 1 <rsubhashsrinivas@gmail.com>
2025-05-25 08:17:31,355 - send_email - ERROR - RECIPIENT_PHONE_NUMBER not found in environment variables
2025-05-25 08:17:35,374 - send_email - INFO - SOS email sent successfully to Emergency Contact 2 <shashupreethims@gmail.com>
2025-05-25 08:17:35,374 - send_email - ERROR - RECIPIENT_PHONE_NUMBER not found in environment variables
2025-05-25 08:17:39,338 - send_email - INFO - SOS email sent successfully to Caregiver <bossutkarsh.30@gmail.com>
2025-05-25 08:17:39,338 - send_email - ERROR - RECIPIENT_PHONE_NUMBER not found in environment variables
2025-05-25 08:17:39,351 - werkzeug - INFO - 127.0.0.1 - - [25/May/2025 08:17:39] "POST /api/sos HTTP/1.1" 200 -
2025-05-25 08:30:36,092 - werkzeug - INFO -  * Detected change in 'C:\\Users\\shash\\OneDrive\\Desktop\\echomind-final\\EchoMind\\Backend\\app.py', reloading
2025-05-25 08:30:36,691 - werkzeug - INFO -  * Restarting with stat
2025-05-25 08:30:40,779 - apscheduler.scheduler - INFO - Scheduler started
2025-05-25 08:30:40,801 - werkzeug - WARNING -  * Debugger is active!
2025-05-25 08:30:40,803 - werkzeug - INFO -  * Debugger PIN: 228-824-630
2025-05-25 08:45:08,950 - werkzeug - INFO -  * Detected change in 'C:\\Users\\shash\\OneDrive\\Desktop\\echomind-final\\EchoMind\\Backend\\app.py', reloading
2025-05-25 08:45:09,554 - werkzeug - INFO -  * Restarting with stat
2025-05-25 08:45:12,117 - apscheduler.scheduler - INFO - Scheduler started
2025-05-25 08:45:12,153 - werkzeug - WARNING -  * Debugger is active!
2025-05-25 08:45:12,155 - werkzeug - INFO -  * Debugger PIN: 228-824-630
2025-05-25 09:15:56,508 - werkzeug - INFO - 127.0.0.1 - - [25/May/2025 09:15:56] "[33mOPTIONS /sos HTTP/1.1[0m" 404 -
2025-05-25 09:16:14,245 - werkzeug - INFO -  * Detected change in 'C:\\Users\\shash\\OneDrive\\Desktop\\echomind-final\\EchoMind\\Backend\\app.py', reloading
2025-05-25 09:16:14,692 - werkzeug - INFO -  * Restarting with stat
2025-05-25 09:16:16,643 - apscheduler.scheduler - INFO - Scheduler started
2025-05-25 09:16:16,668 - werkzeug - WARNING -  * Debugger is active!
2025-05-25 09:16:16,670 - werkzeug - INFO -  * Debugger PIN: 228-824-630
2025-05-25 09:16:26,578 - werkzeug - INFO - 127.0.0.1 - - [25/May/2025 09:16:26] "[33mOPTIONS /sos HTTP/1.1[0m" 404 -
2025-05-25 10:02:45,378 - werkzeug - INFO - 127.0.0.1 - - [25/May/2025 10:02:45] "[33mOPTIONS /sos HTTP/1.1[0m" 404 -
2025-05-25 10:03:16,555 - werkzeug - INFO -  * Detected change in 'C:\\Users\\shash\\OneDrive\\Desktop\\echomind-final\\EchoMind\\Backend\\app.py', reloading
2025-05-25 10:03:17,326 - werkzeug - INFO -  * Restarting with stat
2025-05-25 10:03:21,550 - apscheduler.scheduler - INFO - Scheduler started
2025-05-25 10:03:21,627 - werkzeug - WARNING -  * Debugger is active!
2025-05-25 10:03:21,632 - werkzeug - INFO -  * Debugger PIN: 228-824-630
2025-05-25 10:03:30,533 - werkzeug - INFO - 127.0.0.1 - - [25/May/2025 10:03:30] "OPTIONS /api/login HTTP/1.1" 200 -
2025-05-25 10:03:31,993 - werkzeug - INFO - 127.0.0.1 - - [25/May/2025 10:03:31] "POST /api/login HTTP/1.1" 200 -
2025-05-25 10:03:40,998 - werkzeug - INFO - 127.0.0.1 - - [25/May/2025 10:03:40] "[33mOPTIONS /sos HTTP/1.1[0m" 404 -
2025-05-25 10:04:04,997 - apscheduler.scheduler - INFO - Scheduler started
2025-05-25 10:04:05,085 - werkzeug - INFO - [31m[1mWARNING: This is a development server. Do not use it in a production deployment. Use a production WSGI server instead.[0m
 * Running on all addresses (0.0.0.0)
 * Running on http://127.0.0.1:5000
 * Running on http://192.168.4.89:5000
2025-05-25 10:04:05,086 - werkzeug - INFO - [33mPress CTRL+C to quit[0m
2025-05-25 10:04:05,094 - werkzeug - INFO -  * Restarting with stat
2025-05-25 10:04:09,494 - apscheduler.scheduler - INFO - Scheduler started
2025-05-25 10:04:09,564 - werkzeug - WARNING -  * Debugger is active!
2025-05-25 10:04:09,574 - werkzeug - INFO -  * Debugger PIN: 228-824-630
2025-05-25 10:04:20,010 - werkzeug - INFO - 127.0.0.1 - - [25/May/2025 10:04:20] "[33mOPTIONS /sos HTTP/1.1[0m" 404 -
2025-05-25 10:04:57,583 - werkzeug - INFO - 127.0.0.1 - - [25/May/2025 10:04:57] "[33mOPTIONS /sos HTTP/1.1[0m" 404 -
2025-05-25 10:07:59,277 - werkzeug - INFO -  * Detected change in 'C:\\Users\\shash\\OneDrive\\Desktop\\echomind-final\\EchoMind\\Backend\\app.py', reloading
2025-05-25 10:08:00,177 - werkzeug - INFO -  * Restarting with stat
2025-05-25 10:24:54,804 - apscheduler.scheduler - INFO - Scheduler started
2025-05-25 10:24:55,960 - werkzeug - INFO - [31m[1mWARNING: This is a development server. Do not use it in a production deployment. Use a production WSGI server instead.[0m
 * Running on all addresses (0.0.0.0)
 * Running on http://127.0.0.1:5000
 * Running on http://192.168.138.35:5000
2025-05-25 10:24:55,961 - werkzeug - INFO - [33mPress CTRL+C to quit[0m
2025-05-25 10:24:56,001 - werkzeug - INFO -  * Restarting with stat
2025-05-25 10:24:58,632 - apscheduler.scheduler - INFO - Scheduler started
2025-05-25 10:24:58,704 - werkzeug - WARNING -  * Debugger is active!
2025-05-25 10:24:58,719 - werkzeug - INFO -  * Debugger PIN: 123-026-746
2025-05-25 10:26:37,839 - werkzeug - INFO - 127.0.0.1 - - [25/May/2025 10:26:37] "OPTIONS /api/login HTTP/1.1" 200 -
2025-05-25 10:26:38,636 - werkzeug - INFO - 127.0.0.1 - - [25/May/2025 10:26:38] "POST /api/login HTTP/1.1" 200 -
2025-05-25 10:26:51,669 - werkzeug - INFO - 127.0.0.1 - - [25/May/2025 10:26:51] "OPTIONS /api/sos HTTP/1.1" 200 -
2025-05-25 10:26:56,412 - send_email - INFO - SOS email sent successfully to Emergency Contact 1 <rsubhashsrinivas@gmail.com>
2025-05-25 10:26:56,413 - send_email - INFO - Attempting to send SMS to +91 7483288142
2025-05-25 10:26:56,414 - send_email - INFO - Twilio Account SID: ACc7024a... (truncated)
2025-05-25 10:26:56,414 - send_email - INFO - Twilio Phone: +19784094551
2025-05-25 10:26:56,415 - send_email - INFO - Formatted phone number: +917483288142
2025-05-25 10:26:56,415 - send_email - INFO - Formatted phone number: +19784094551
2025-05-25 10:26:56,416 - send_email - INFO - Sending SMS from +19784094551 to +917483288142
2025-05-25 10:26:56,416 - send_email - INFO - Message length: 296 characters
2025-05-25 10:26:57,519 - twilio.http_client - INFO - -- BEGIN Twilio API Request --
2025-05-25 10:26:57,519 - twilio.http_client - INFO - POST Request: https://api.twilio.com/2010-04-01/Accounts/ACc7024af937e5e53f22546d3d1285b319/Messages.json
2025-05-25 10:26:57,520 - twilio.http_client - INFO - Headers:
2025-05-25 10:26:57,520 - twilio.http_client - INFO - Content-Type : application/x-www-form-urlencoded
2025-05-25 10:26:57,521 - twilio.http_client - INFO - Accept : application/json
2025-05-25 10:26:57,521 - twilio.http_client - INFO - User-Agent : twilio-python/9.6.1 (Windows AMD64) Python/3.10.0
2025-05-25 10:26:57,522 - twilio.http_client - INFO - X-Twilio-Client : python-9.6.1
2025-05-25 10:26:57,522 - twilio.http_client - INFO - Accept-Charset : utf-8
2025-05-25 10:26:57,522 - twilio.http_client - INFO - -- END Twilio API Request --
2025-05-25 10:26:58,173 - twilio.http_client - INFO - Response Status Code: 201
2025-05-25 10:26:58,173 - twilio.http_client - INFO - Response Headers: {'Content-Type': 'application/json;charset=utf-8', 'Content-Length': '1105', 'Connection': 'keep-alive', 'Date': 'Sun, 25 May 2025 04:56:58 GMT', 'X-Powered-By': 'AT-5000', 'Twilio-Concurrent-Requests': '1', 'Twilio-Request-Id': 'RQ3bd312524eb76a3cfb7c12602f3f8a1d', 'Twilio-Request-Duration': '0.134', 'X-Home-Region': 'us1', 'X-Api-Domain': 'api.twilio.com', 'Strict-Transport-Security': 'max-age=31536000', 'X-Shenanigans': 'none', 'X-Cache': 'Miss from cloudfront', 'Via': '1.1 991dac959b45f82e243af4ece0611920.cloudfront.net (CloudFront)', 'X-Amz-Cf-Pop': 'BLR50-P3', 'X-Amz-Cf-Id': '54IbWpblj4v4OB5TazAmwOHUVcC0eRpmC9gas0tQkXflayMCzEit9A==', 'Vary': 'Origin'}
2025-05-25 10:26:58,174 - send_email - INFO - SMS sent successfully with SID: SM3bd312524eb76a3cfb7c12602f3f8a1d
2025-05-25 10:26:58,175 - send_email - INFO - Message status: queued
2025-05-25 10:27:02,114 - send_email - INFO - SOS email sent successfully to Emergency Contact 2 <shashupreethims@gmail.com>
2025-05-25 10:27:02,115 - send_email - INFO - Attempting to send SMS to +91 7483288142
2025-05-25 10:27:02,115 - send_email - INFO - Twilio Account SID: ACc7024a... (truncated)
2025-05-25 10:27:02,115 - send_email - INFO - Twilio Phone: +19784094551
2025-05-25 10:27:02,115 - send_email - INFO - Formatted phone number: +917483288142
2025-05-25 10:27:02,116 - send_email - INFO - Formatted phone number: +19784094551
2025-05-25 10:27:02,116 - send_email - INFO - Sending SMS from +19784094551 to +917483288142
2025-05-25 10:27:02,116 - send_email - INFO - Message length: 296 characters
2025-05-25 10:27:02,117 - twilio.http_client - INFO - -- BEGIN Twilio API Request --
2025-05-25 10:27:02,117 - twilio.http_client - INFO - POST Request: https://api.twilio.com/2010-04-01/Accounts/ACc7024af937e5e53f22546d3d1285b319/Messages.json
2025-05-25 10:27:02,118 - twilio.http_client - INFO - Headers:
2025-05-25 10:27:02,118 - twilio.http_client - INFO - Content-Type : application/x-www-form-urlencoded
2025-05-25 10:27:02,118 - twilio.http_client - INFO - Accept : application/json
2025-05-25 10:27:02,119 - twilio.http_client - INFO - User-Agent : twilio-python/9.6.1 (Windows AMD64) Python/3.10.0
2025-05-25 10:27:02,119 - twilio.http_client - INFO - X-Twilio-Client : python-9.6.1
2025-05-25 10:27:02,120 - twilio.http_client - INFO - Accept-Charset : utf-8
2025-05-25 10:27:02,120 - twilio.http_client - INFO - -- END Twilio API Request --
2025-05-25 10:27:02,647 - twilio.http_client - INFO - Response Status Code: 201
2025-05-25 10:27:02,647 - twilio.http_client - INFO - Response Headers: {'Content-Type': 'application/json;charset=utf-8', 'Content-Length': '1105', 'Connection': 'keep-alive', 'Date': 'Sun, 25 May 2025 04:57:03 GMT', 'X-Powered-By': 'AT-5000', 'Twilio-Concurrent-Requests': '1', 'Twilio-Request-Id': 'RQb9dfb2fe42019c0e95e6133403272d53', 'Twilio-Request-Duration': '0.132', 'X-Home-Region': 'us1', 'X-Api-Domain': 'api.twilio.com', 'Strict-Transport-Security': 'max-age=31536000', 'X-Shenanigans': 'none', 'X-Cache': 'Miss from cloudfront', 'Via': '1.1 5f9eca41d3ce3141b90604391dc22686.cloudfront.net (CloudFront)', 'X-Amz-Cf-Pop': 'BLR50-P3', 'X-Amz-Cf-Id': '2Bs2Sqtl2QgvLuF6wmhyABT6jw_Phjy8K_p4VWqd06np3pgpN0MHvw==', 'Vary': 'Origin'}
2025-05-25 10:27:02,649 - send_email - INFO - SMS sent successfully with SID: SMb9dfb2fe42019c0e95e6133403272d53
2025-05-25 10:27:02,649 - send_email - INFO - Message status: queued
2025-05-25 10:27:06,239 - send_email - INFO - SOS email sent successfully to Caregiver <bossutkarsh.30@gmail.com>
2025-05-25 10:27:06,239 - send_email - INFO - Attempting to send SMS to +91 7483288142
2025-05-25 10:27:06,240 - send_email - INFO - Twilio Account SID: ACc7024a... (truncated)
2025-05-25 10:27:06,240 - send_email - INFO - Twilio Phone: +19784094551
2025-05-25 10:27:06,240 - send_email - INFO - Formatted phone number: +917483288142
2025-05-25 10:27:06,241 - send_email - INFO - Formatted phone number: +19784094551
2025-05-25 10:27:06,241 - send_email - INFO - Sending SMS from +19784094551 to +917483288142
2025-05-25 10:27:06,241 - send_email - INFO - Message length: 296 characters
2025-05-25 10:27:06,242 - twilio.http_client - INFO - -- BEGIN Twilio API Request --
2025-05-25 10:27:06,242 - twilio.http_client - INFO - POST Request: https://api.twilio.com/2010-04-01/Accounts/ACc7024af937e5e53f22546d3d1285b319/Messages.json
2025-05-25 10:27:06,243 - twilio.http_client - INFO - Headers:
2025-05-25 10:27:06,243 - twilio.http_client - INFO - Content-Type : application/x-www-form-urlencoded
2025-05-25 10:27:06,244 - twilio.http_client - INFO - Accept : application/json
2025-05-25 10:27:06,244 - twilio.http_client - INFO - User-Agent : twilio-python/9.6.1 (Windows AMD64) Python/3.10.0
2025-05-25 10:27:06,244 - twilio.http_client - INFO - X-Twilio-Client : python-9.6.1
2025-05-25 10:27:06,245 - twilio.http_client - INFO - Accept-Charset : utf-8
2025-05-25 10:27:06,245 - twilio.http_client - INFO - -- END Twilio API Request --
2025-05-25 10:27:07,288 - twilio.http_client - INFO - Response Status Code: 201
2025-05-25 10:27:07,304 - twilio.http_client - INFO - Response Headers: {'Content-Type': 'application/json;charset=utf-8', 'Content-Length': '1105', 'Connection': 'keep-alive', 'Date': 'Sun, 25 May 2025 04:57:08 GMT', 'X-Powered-By': 'AT-5000', 'Twilio-Concurrent-Requests': '1', 'Twilio-Request-Id': 'RQ64826577ec012488d26986bb9e845ade', 'Twilio-Request-Duration': '0.118', 'X-Home-Region': 'us1', 'X-Api-Domain': 'api.twilio.com', 'Strict-Transport-Security': 'max-age=31536000', 'X-Shenanigans': 'none', 'X-Cache': 'Miss from cloudfront', 'Via': '1.1 e298dbeec0761926a898e5976abbf698.cloudfront.net (CloudFront)', 'X-Amz-Cf-Pop': 'BLR50-P3', 'X-Amz-Cf-Id': 'pQt3StedLIUarWAqv0VsJRXZh1BCWseUFuWawKIU4cIrZ7_9eUzUvQ==', 'Vary': 'Origin'}
2025-05-25 10:27:07,316 - send_email - INFO - SMS sent successfully with SID: SM64826577ec012488d26986bb9e845ade
2025-05-25 10:27:07,326 - send_email - INFO - Message status: queued
2025-05-25 10:27:07,342 - werkzeug - INFO - 127.0.0.1 - - [25/May/2025 10:27:07] "POST /api/sos HTTP/1.1" 200 -
2025-05-25 10:27:22,069 - werkzeug - INFO - 127.0.0.1 - - [25/May/2025 10:27:22] "OPTIONS /api/games/81df56b2-6b96-4983-9955-c3b9f66ae25d HTTP/1.1" 200 -
2025-05-25 10:27:22,497 - werkzeug - INFO - 127.0.0.1 - - [25/May/2025 10:27:22] "GET /api/games/81df56b2-6b96-4983-9955-c3b9f66ae25d HTTP/1.1" 200 -
2025-05-25 10:27:25,674 - werkzeug - INFO - 127.0.0.1 - - [25/May/2025 10:27:25] "GET /api/medication-reminders HTTP/1.1" 200 -
2025-05-25 10:27:26,101 - werkzeug - INFO - 127.0.0.1 - - [25/May/2025 10:27:26] "GET /api/medication-reminders HTTP/1.1" 200 -
2025-05-25 10:27:47,153 - werkzeug - INFO - 127.0.0.1 - - [25/May/2025 10:27:47] "OPTIONS /api/medication-reminders HTTP/1.1" 200 -
2025-05-25 10:27:47,548 - apscheduler.scheduler - INFO - Added job "check_and_send_reminder" to job store "default"
2025-05-25 10:27:47,553 - apscheduler.scheduler - INFO - Added job "send_missed_medication_reminder" to job store "default"
2025-05-25 10:27:47,555 - werkzeug - INFO - 127.0.0.1 - - [25/May/2025 10:27:47] "[35m[1mPOST /api/medication-reminders HTTP/1.1[0m" 201 -
2025-05-25 10:27:47,776 - werkzeug - INFO - 127.0.0.1 - - [25/May/2025 10:27:47] "GET /api/medication-reminders HTTP/1.1" 200 -
2025-05-25 10:27:57,550 - apscheduler.executors.default - INFO - Running job "check_and_send_reminder (trigger: interval[0:00:10], next run at: 2025-05-25 10:27:57 IST)" (scheduled at 2025-05-25 10:27:57.544947+05:30)
2025-05-25 10:27:57,552 - apscheduler.executors.default - INFO - Job "check_and_send_reminder (trigger: interval[0:00:10], next run at: 2025-05-25 10:28:07 IST)" executed successfully
2025-05-25 10:28:07,549 - apscheduler.executors.default - INFO - Running job "check_and_send_reminder (trigger: interval[0:00:10], next run at: 2025-05-25 10:28:17 IST)" (scheduled at 2025-05-25 10:28:07.544947+05:30)
2025-05-25 10:28:07,549 - apscheduler.executors.default - INFO - Job "check_and_send_reminder (trigger: interval[0:00:10], next run at: 2025-05-25 10:28:17 IST)" executed successfully
2025-05-25 10:28:17,555 - apscheduler.executors.default - INFO - Running job "check_and_send_reminder (trigger: interval[0:00:10], next run at: 2025-05-25 10:28:27 IST)" (scheduled at 2025-05-25 10:28:17.544947+05:30)
2025-05-25 10:28:17,556 - apscheduler.executors.default - INFO - Job "check_and_send_reminder (trigger: interval[0:00:10], next run at: 2025-05-25 10:28:27 IST)" executed successfully
2025-05-25 10:28:27,562 - apscheduler.executors.default - INFO - Running job "check_and_send_reminder (trigger: interval[0:00:10], next run at: 2025-05-25 10:28:37 IST)" (scheduled at 2025-05-25 10:28:27.544947+05:30)
2025-05-25 10:28:27,565 - apscheduler.executors.default - INFO - Job "check_and_send_reminder (trigger: interval[0:00:10], next run at: 2025-05-25 10:28:37 IST)" executed successfully
2025-05-25 10:28:37,554 - apscheduler.executors.default - INFO - Running job "check_and_send_reminder (trigger: interval[0:00:10], next run at: 2025-05-25 10:28:47 IST)" (scheduled at 2025-05-25 10:28:37.544947+05:30)
2025-05-25 10:28:37,555 - apscheduler.executors.default - INFO - Job "check_and_send_reminder (trigger: interval[0:00:10], next run at: 2025-05-25 10:28:47 IST)" executed successfully
2025-05-25 10:28:47,548 - apscheduler.executors.default - INFO - Running job "check_and_send_reminder (trigger: interval[0:00:10], next run at: 2025-05-25 10:28:57 IST)" (scheduled at 2025-05-25 10:28:47.544947+05:30)
2025-05-25 10:28:47,549 - apscheduler.executors.default - INFO - Job "check_and_send_reminder (trigger: interval[0:00:10], next run at: 2025-05-25 10:28:57 IST)" executed successfully
2025-05-25 10:28:57,558 - apscheduler.executors.default - INFO - Running job "check_and_send_reminder (trigger: interval[0:00:10], next run at: 2025-05-25 10:29:07 IST)" (scheduled at 2025-05-25 10:28:57.544947+05:30)
2025-05-25 10:29:01,532 - twilio.http_client - INFO - -- BEGIN Twilio API Request --
2025-05-25 10:29:01,532 - twilio.http_client - INFO - POST Request: https://api.twilio.com/2010-04-01/Accounts/ACc7024af937e5e53f22546d3d1285b319/Messages.json
2025-05-25 10:29:01,533 - twilio.http_client - INFO - Headers:
2025-05-25 10:29:01,533 - twilio.http_client - INFO - Content-Type : application/x-www-form-urlencoded
2025-05-25 10:29:01,534 - twilio.http_client - INFO - Accept : application/json
2025-05-25 10:29:01,534 - twilio.http_client - INFO - User-Agent : twilio-python/9.6.1 (Windows AMD64) Python/3.10.0
2025-05-25 10:29:01,535 - twilio.http_client - INFO - X-Twilio-Client : python-9.6.1
2025-05-25 10:29:01,535 - twilio.http_client - INFO - Accept-Charset : utf-8
2025-05-25 10:29:01,535 - twilio.http_client - INFO - -- END Twilio API Request --
2025-05-25 10:29:02,019 - twilio.http_client - INFO - Response Status Code: 201
2025-05-25 10:29:02,019 - twilio.http_client - INFO - Response Headers: {'Content-Type': 'application/json;charset=utf-8', 'Content-Length': '895', 'Connection': 'keep-alive', 'Date': 'Sun, 25 May 2025 04:59:02 GMT', 'X-Powered-By': 'AT-5000', 'Twilio-Concurrent-Requests': '1', 'Twilio-Request-Id': 'RQ09bff90e44ae2a18149383b075a85ef5', 'Twilio-Request-Duration': '0.139', 'X-Home-Region': 'us1', 'X-Api-Domain': 'api.twilio.com', 'Strict-Transport-Security': 'max-age=31536000', 'X-Shenanigans': 'none', 'X-Cache': 'Miss from cloudfront', 'Via': '1.1 48dd03fa5172adbfe467ac1a56304afa.cloudfront.net (CloudFront)', 'X-Amz-Cf-Pop': 'BLR50-P3', 'X-Amz-Cf-Id': 'NHu86_cT-QofaZYMvTvYVdkYapj549WCoZAIPtYcR91gcqkEfiSksg==', 'Vary': 'Origin'}
2025-05-25 10:29:02,021 - apscheduler.executors.default - INFO - Job "check_and_send_reminder (trigger: interval[0:00:10], next run at: 2025-05-25 10:29:07 IST)" executed successfully
2025-05-25 10:29:07,553 - apscheduler.executors.default - INFO - Running job "check_and_send_reminder (trigger: interval[0:00:10], next run at: 2025-05-25 10:29:17 IST)" (scheduled at 2025-05-25 10:29:07.544947+05:30)
2025-05-25 10:29:11,530 - twilio.http_client - INFO - -- BEGIN Twilio API Request --
2025-05-25 10:29:11,532 - twilio.http_client - INFO - POST Request: https://api.twilio.com/2010-04-01/Accounts/ACc7024af937e5e53f22546d3d1285b319/Messages.json
2025-05-25 10:29:11,532 - twilio.http_client - INFO - Headers:
2025-05-25 10:29:11,533 - twilio.http_client - INFO - Content-Type : application/x-www-form-urlencoded
2025-05-25 10:29:11,533 - twilio.http_client - INFO - Accept : application/json
2025-05-25 10:29:11,534 - twilio.http_client - INFO - User-Agent : twilio-python/9.6.1 (Windows AMD64) Python/3.10.0
2025-05-25 10:29:11,534 - twilio.http_client - INFO - X-Twilio-Client : python-9.6.1
2025-05-25 10:29:11,535 - twilio.http_client - INFO - Accept-Charset : utf-8
2025-05-25 10:29:11,535 - twilio.http_client - INFO - -- END Twilio API Request --
2025-05-25 10:29:12,457 - twilio.http_client - INFO - Response Status Code: 201
2025-05-25 10:29:12,457 - twilio.http_client - INFO - Response Headers: {'Content-Type': 'application/json;charset=utf-8', 'Content-Length': '895', 'Connection': 'keep-alive', 'Date': 'Sun, 25 May 2025 04:59:13 GMT', 'X-Powered-By': 'AT-5000', 'Twilio-Concurrent-Requests': '1', 'Twilio-Request-Id': 'RQ9c180ddf1f82cebaf316a238e7ffba88', 'Twilio-Request-Duration': '0.122', 'X-Home-Region': 'us1', 'X-Api-Domain': 'api.twilio.com', 'Strict-Transport-Security': 'max-age=31536000', 'X-Shenanigans': 'none', 'X-Cache': 'Miss from cloudfront', 'Via': '1.1 109486c6716bcd12a9f0404a8ac237ca.cloudfront.net (CloudFront)', 'X-Amz-Cf-Pop': 'BLR50-P3', 'X-Amz-Cf-Id': 'dd4WiOcggWWxEvTBwiLgTmhfk_qZo384ZePZMLhilAa_AVE2k3ArHg==', 'Vary': 'Origin'}
2025-05-25 10:29:12,459 - apscheduler.executors.default - INFO - Job "check_and_send_reminder (trigger: interval[0:00:10], next run at: 2025-05-25 10:29:17 IST)" executed successfully
2025-05-25 10:29:17,559 - apscheduler.executors.default - INFO - Running job "check_and_send_reminder (trigger: interval[0:00:10], next run at: 2025-05-25 10:29:27 IST)" (scheduled at 2025-05-25 10:29:17.544947+05:30)
2025-05-25 10:29:17,560 - apscheduler.executors.default - INFO - Job "check_and_send_reminder (trigger: interval[0:00:10], next run at: 2025-05-25 10:29:27 IST)" executed successfully
2025-05-25 10:29:27,560 - apscheduler.executors.default - INFO - Running job "check_and_send_reminder (trigger: interval[0:00:10], next run at: 2025-05-25 10:29:37 IST)" (scheduled at 2025-05-25 10:29:27.544947+05:30)
2025-05-25 10:29:27,561 - apscheduler.executors.default - INFO - Job "check_and_send_reminder (trigger: interval[0:00:10], next run at: 2025-05-25 10:29:37 IST)" executed successfully
2025-05-25 10:29:30,001 - apscheduler.scheduler - INFO - Removed job 6832a34b4457e1b1c0c3162c_missed
2025-05-25 10:29:30,001 - apscheduler.executors.default - INFO - Running job "send_missed_medication_reminder (trigger: date[2025-05-25 10:29:30 IST], next run at: 2025-05-25 10:29:30 IST)" (scheduled at 2025-05-25 10:29:30+05:30)
2025-05-25 10:29:34,171 - twilio.http_client - INFO - -- BEGIN Twilio API Request --
2025-05-25 10:29:34,172 - twilio.http_client - INFO - POST Request: https://api.twilio.com/2010-04-01/Accounts/ACc7024af937e5e53f22546d3d1285b319/Messages.json
2025-05-25 10:29:34,172 - twilio.http_client - INFO - Headers:
2025-05-25 10:29:34,173 - twilio.http_client - INFO - Content-Type : application/x-www-form-urlencoded
2025-05-25 10:29:34,173 - twilio.http_client - INFO - Accept : application/json
2025-05-25 10:29:34,173 - twilio.http_client - INFO - User-Agent : twilio-python/9.6.1 (Windows AMD64) Python/3.10.0
2025-05-25 10:29:34,176 - twilio.http_client - INFO - X-Twilio-Client : python-9.6.1
2025-05-25 10:29:34,178 - twilio.http_client - INFO - Accept-Charset : utf-8
2025-05-25 10:29:34,179 - twilio.http_client - INFO - -- END Twilio API Request --
2025-05-25 10:29:34,833 - twilio.http_client - INFO - Response Status Code: 201
2025-05-25 10:29:34,833 - twilio.http_client - INFO - Response Headers: {'Content-Type': 'application/json;charset=utf-8', 'Content-Length': '1108', 'Connection': 'keep-alive', 'Date': 'Sun, 25 May 2025 04:59:35 GMT', 'X-Powered-By': 'AT-5000', 'Twilio-Concurrent-Requests': '1', 'Twilio-Request-Id': 'RQee9c01fb12c67a7621fc6b0c2692a68b', 'Twilio-Request-Duration': '0.112', 'X-Home-Region': 'us1', 'X-Api-Domain': 'api.twilio.com', 'Strict-Transport-Security': 'max-age=31536000', 'X-Shenanigans': 'none', 'X-Cache': 'Miss from cloudfront', 'Via': '1.1 b2e2c0dde9ccae41b88e7dfd8bb40312.cloudfront.net (CloudFront)', 'X-Amz-Cf-Pop': 'BLR50-P3', 'X-Amz-Cf-Id': 'YccA5RA4jCas1QAtQvDwdjPzdlBN9S_24jxZYUhfBdzLCz0UiGNbWA==', 'Vary': 'Origin'}
2025-05-25 10:29:34,892 - apscheduler.executors.default - INFO - Job "send_missed_medication_reminder (trigger: date[2025-05-25 10:29:30 IST], next run at: 2025-05-25 10:29:30 IST)" executed successfully
2025-05-25 10:29:37,546 - apscheduler.executors.default - INFO - Running job "check_and_send_reminder (trigger: interval[0:00:10], next run at: 2025-05-25 10:29:47 IST)" (scheduled at 2025-05-25 10:29:37.544947+05:30)
2025-05-25 10:29:37,548 - apscheduler.executors.default - INFO - Job "check_and_send_reminder (trigger: interval[0:00:10], next run at: 2025-05-25 10:29:47 IST)" executed successfully
2025-05-25 10:29:47,546 - apscheduler.executors.default - INFO - Running job "check_and_send_reminder (trigger: interval[0:00:10], next run at: 2025-05-25 10:29:57 IST)" (scheduled at 2025-05-25 10:29:47.544947+05:30)
2025-05-25 10:29:47,547 - apscheduler.executors.default - INFO - Job "check_and_send_reminder (trigger: interval[0:00:10], next run at: 2025-05-25 10:29:57 IST)" executed successfully
2025-05-25 10:29:57,548 - apscheduler.executors.default - INFO - Running job "check_and_send_reminder (trigger: interval[0:00:10], next run at: 2025-05-25 10:30:07 IST)" (scheduled at 2025-05-25 10:29:57.544947+05:30)
2025-05-25 10:29:57,552 - apscheduler.executors.default - INFO - Job "check_and_send_reminder (trigger: interval[0:00:10], next run at: 2025-05-25 10:30:07 IST)" executed successfully
2025-05-25 10:30:07,550 - apscheduler.executors.default - INFO - Running job "check_and_send_reminder (trigger: interval[0:00:10], next run at: 2025-05-25 10:30:17 IST)" (scheduled at 2025-05-25 10:30:07.544947+05:30)
2025-05-25 10:30:07,552 - apscheduler.executors.default - INFO - Job "check_and_send_reminder (trigger: interval[0:00:10], next run at: 2025-05-25 10:30:17 IST)" executed successfully
2025-05-25 10:30:17,551 - apscheduler.executors.default - INFO - Running job "check_and_send_reminder (trigger: interval[0:00:10], next run at: 2025-05-25 10:30:27 IST)" (scheduled at 2025-05-25 10:30:17.544947+05:30)
2025-05-25 10:30:17,552 - apscheduler.executors.default - INFO - Job "check_and_send_reminder (trigger: interval[0:00:10], next run at: 2025-05-25 10:30:27 IST)" executed successfully
2025-05-25 10:30:27,549 - apscheduler.executors.default - INFO - Running job "check_and_send_reminder (trigger: interval[0:00:10], next run at: 2025-05-25 10:30:37 IST)" (scheduled at 2025-05-25 10:30:27.544947+05:30)
2025-05-25 10:30:27,552 - apscheduler.executors.default - INFO - Job "check_and_send_reminder (trigger: interval[0:00:10], next run at: 2025-05-25 10:30:37 IST)" executed successfully
2025-05-25 10:30:37,551 - apscheduler.executors.default - INFO - Running job "check_and_send_reminder (trigger: interval[0:00:10], next run at: 2025-05-25 10:30:47 IST)" (scheduled at 2025-05-25 10:30:37.544947+05:30)
2025-05-25 10:30:37,553 - apscheduler.executors.default - INFO - Job "check_and_send_reminder (trigger: interval[0:00:10], next run at: 2025-05-25 10:30:47 IST)" executed successfully
2025-05-25 10:30:47,555 - apscheduler.executors.default - INFO - Running job "check_and_send_reminder (trigger: interval[0:00:10], next run at: 2025-05-25 10:30:57 IST)" (scheduled at 2025-05-25 10:30:47.544947+05:30)
2025-05-25 10:30:47,556 - apscheduler.executors.default - INFO - Job "check_and_send_reminder (trigger: interval[0:00:10], next run at: 2025-05-25 10:30:57 IST)" executed successfully
2025-05-25 10:30:57,559 - apscheduler.executors.default - INFO - Running job "check_and_send_reminder (trigger: interval[0:00:10], next run at: 2025-05-25 10:31:07 IST)" (scheduled at 2025-05-25 10:30:57.544947+05:30)
2025-05-25 10:30:57,559 - apscheduler.executors.default - INFO - Job "check_and_send_reminder (trigger: interval[0:00:10], next run at: 2025-05-25 10:31:07 IST)" executed successfully
2025-05-25 10:31:07,552 - apscheduler.executors.default - INFO - Running job "check_and_send_reminder (trigger: interval[0:00:10], next run at: 2025-05-25 10:31:17 IST)" (scheduled at 2025-05-25 10:31:07.544947+05:30)
2025-05-25 10:31:07,553 - apscheduler.executors.default - INFO - Job "check_and_send_reminder (trigger: interval[0:00:10], next run at: 2025-05-25 10:31:17 IST)" executed successfully
2025-05-25 10:31:17,553 - apscheduler.executors.default - INFO - Running job "check_and_send_reminder (trigger: interval[0:00:10], next run at: 2025-05-25 10:31:27 IST)" (scheduled at 2025-05-25 10:31:17.544947+05:30)
2025-05-25 10:31:17,555 - apscheduler.executors.default - INFO - Job "check_and_send_reminder (trigger: interval[0:00:10], next run at: 2025-05-25 10:31:27 IST)" executed successfully
2025-05-25 10:31:27,546 - apscheduler.executors.default - INFO - Running job "check_and_send_reminder (trigger: interval[0:00:10], next run at: 2025-05-25 10:31:37 IST)" (scheduled at 2025-05-25 10:31:27.544947+05:30)
2025-05-25 10:31:27,546 - apscheduler.executors.default - INFO - Job "check_and_send_reminder (trigger: interval[0:00:10], next run at: 2025-05-25 10:31:37 IST)" executed successfully
2025-05-25 10:31:37,556 - apscheduler.executors.default - INFO - Running job "check_and_send_reminder (trigger: interval[0:00:10], next run at: 2025-05-25 10:31:47 IST)" (scheduled at 2025-05-25 10:31:37.544947+05:30)
2025-05-25 10:31:37,558 - apscheduler.executors.default - INFO - Job "check_and_send_reminder (trigger: interval[0:00:10], next run at: 2025-05-25 10:31:47 IST)" executed successfully
2025-05-25 10:31:47,552 - apscheduler.executors.default - INFO - Running job "check_and_send_reminder (trigger: interval[0:00:10], next run at: 2025-05-25 10:31:57 IST)" (scheduled at 2025-05-25 10:31:47.544947+05:30)
2025-05-25 10:31:47,555 - apscheduler.executors.default - INFO - Job "check_and_send_reminder (trigger: interval[0:00:10], next run at: 2025-05-25 10:31:57 IST)" executed successfully
2025-05-25 10:31:57,554 - apscheduler.executors.default - INFO - Running job "check_and_send_reminder (trigger: interval[0:00:10], next run at: 2025-05-25 10:32:07 IST)" (scheduled at 2025-05-25 10:31:57.544947+05:30)
2025-05-25 10:31:57,555 - apscheduler.executors.default - INFO - Job "check_and_send_reminder (trigger: interval[0:00:10], next run at: 2025-05-25 10:32:07 IST)" executed successfully
2025-05-25 10:32:07,555 - apscheduler.executors.default - INFO - Running job "check_and_send_reminder (trigger: interval[0:00:10], next run at: 2025-05-25 10:32:17 IST)" (scheduled at 2025-05-25 10:32:07.544947+05:30)
2025-05-25 10:32:07,556 - apscheduler.executors.default - INFO - Job "check_and_send_reminder (trigger: interval[0:00:10], next run at: 2025-05-25 10:32:17 IST)" executed successfully
2025-05-25 10:32:17,558 - apscheduler.executors.default - INFO - Running job "check_and_send_reminder (trigger: interval[0:00:10], next run at: 2025-05-25 10:32:27 IST)" (scheduled at 2025-05-25 10:32:17.544947+05:30)
2025-05-25 10:32:17,559 - apscheduler.executors.default - INFO - Job "check_and_send_reminder (trigger: interval[0:00:10], next run at: 2025-05-25 10:32:27 IST)" executed successfully
2025-05-25 10:32:27,547 - apscheduler.executors.default - INFO - Running job "check_and_send_reminder (trigger: interval[0:00:10], next run at: 2025-05-25 10:32:37 IST)" (scheduled at 2025-05-25 10:32:27.544947+05:30)
2025-05-25 10:32:27,547 - apscheduler.executors.default - INFO - Job "check_and_send_reminder (trigger: interval[0:00:10], next run at: 2025-05-25 10:32:37 IST)" executed successfully
2025-05-25 10:32:37,549 - apscheduler.executors.default - INFO - Running job "check_and_send_reminder (trigger: interval[0:00:10], next run at: 2025-05-25 10:32:47 IST)" (scheduled at 2025-05-25 10:32:37.544947+05:30)
2025-05-25 10:32:37,550 - apscheduler.executors.default - INFO - Job "check_and_send_reminder (trigger: interval[0:00:10], next run at: 2025-05-25 10:32:47 IST)" executed successfully
2025-05-25 10:32:47,556 - apscheduler.executors.default - INFO - Running job "check_and_send_reminder (trigger: interval[0:00:10], next run at: 2025-05-25 10:32:57 IST)" (scheduled at 2025-05-25 10:32:47.544947+05:30)
2025-05-25 10:32:47,557 - apscheduler.executors.default - INFO - Job "check_and_send_reminder (trigger: interval[0:00:10], next run at: 2025-05-25 10:32:57 IST)" executed successfully
2025-05-25 10:32:57,546 - apscheduler.executors.default - INFO - Running job "check_and_send_reminder (trigger: interval[0:00:10], next run at: 2025-05-25 10:33:07 IST)" (scheduled at 2025-05-25 10:32:57.544947+05:30)
2025-05-25 10:32:57,546 - apscheduler.executors.default - INFO - Job "check_and_send_reminder (trigger: interval[0:00:10], next run at: 2025-05-25 10:33:07 IST)" executed successfully
2025-05-25 10:33:07,559 - apscheduler.executors.default - INFO - Running job "check_and_send_reminder (trigger: interval[0:00:10], next run at: 2025-05-25 10:33:17 IST)" (scheduled at 2025-05-25 10:33:07.544947+05:30)
2025-05-25 10:33:07,559 - apscheduler.executors.default - INFO - Job "check_and_send_reminder (trigger: interval[0:00:10], next run at: 2025-05-25 10:33:17 IST)" executed successfully
2025-05-25 10:33:17,557 - apscheduler.executors.default - INFO - Running job "check_and_send_reminder (trigger: interval[0:00:10], next run at: 2025-05-25 10:33:27 IST)" (scheduled at 2025-05-25 10:33:17.544947+05:30)
2025-05-25 10:33:17,558 - apscheduler.executors.default - INFO - Job "check_and_send_reminder (trigger: interval[0:00:10], next run at: 2025-05-25 10:33:27 IST)" executed successfully
2025-05-25 10:33:27,545 - apscheduler.executors.default - INFO - Running job "check_and_send_reminder (trigger: interval[0:00:10], next run at: 2025-05-25 10:33:37 IST)" (scheduled at 2025-05-25 10:33:27.544947+05:30)
2025-05-25 10:33:27,546 - apscheduler.executors.default - INFO - Job "check_and_send_reminder (trigger: interval[0:00:10], next run at: 2025-05-25 10:33:37 IST)" executed successfully
2025-05-25 10:33:37,553 - apscheduler.executors.default - INFO - Running job "check_and_send_reminder (trigger: interval[0:00:10], next run at: 2025-05-25 10:33:47 IST)" (scheduled at 2025-05-25 10:33:37.544947+05:30)
2025-05-25 10:33:37,554 - apscheduler.executors.default - INFO - Job "check_and_send_reminder (trigger: interval[0:00:10], next run at: 2025-05-25 10:33:47 IST)" executed successfully
2025-05-25 10:33:47,560 - apscheduler.executors.default - INFO - Running job "check_and_send_reminder (trigger: interval[0:00:10], next run at: 2025-05-25 10:33:57 IST)" (scheduled at 2025-05-25 10:33:47.544947+05:30)
2025-05-25 10:33:47,561 - apscheduler.executors.default - INFO - Job "check_and_send_reminder (trigger: interval[0:00:10], next run at: 2025-05-25 10:33:57 IST)" executed successfully
2025-05-25 10:33:57,557 - apscheduler.executors.default - INFO - Running job "check_and_send_reminder (trigger: interval[0:00:10], next run at: 2025-05-25 10:34:07 IST)" (scheduled at 2025-05-25 10:33:57.544947+05:30)
2025-05-25 10:33:57,558 - apscheduler.executors.default - INFO - Job "check_and_send_reminder (trigger: interval[0:00:10], next run at: 2025-05-25 10:34:07 IST)" executed successfully
2025-05-25 10:34:07,552 - apscheduler.executors.default - INFO - Running job "check_and_send_reminder (trigger: interval[0:00:10], next run at: 2025-05-25 10:34:17 IST)" (scheduled at 2025-05-25 10:34:07.544947+05:30)
2025-05-25 10:34:07,553 - apscheduler.executors.default - INFO - Job "check_and_send_reminder (trigger: interval[0:00:10], next run at: 2025-05-25 10:34:17 IST)" executed successfully
2025-05-25 10:34:17,554 - apscheduler.executors.default - INFO - Running job "check_and_send_reminder (trigger: interval[0:00:10], next run at: 2025-05-25 10:34:27 IST)" (scheduled at 2025-05-25 10:34:17.544947+05:30)
2025-05-25 10:34:17,555 - apscheduler.executors.default - INFO - Job "check_and_send_reminder (trigger: interval[0:00:10], next run at: 2025-05-25 10:34:27 IST)" executed successfully
2025-05-25 10:34:27,546 - apscheduler.executors.default - INFO - Running job "check_and_send_reminder (trigger: interval[0:00:10], next run at: 2025-05-25 10:34:37 IST)" (scheduled at 2025-05-25 10:34:27.544947+05:30)
2025-05-25 10:34:27,547 - apscheduler.executors.default - INFO - Job "check_and_send_reminder (trigger: interval[0:00:10], next run at: 2025-05-25 10:34:37 IST)" executed successfully
2025-05-25 10:34:37,555 - apscheduler.executors.default - INFO - Running job "check_and_send_reminder (trigger: interval[0:00:10], next run at: 2025-05-25 10:34:47 IST)" (scheduled at 2025-05-25 10:34:37.544947+05:30)
2025-05-25 10:34:37,556 - apscheduler.executors.default - INFO - Job "check_and_send_reminder (trigger: interval[0:00:10], next run at: 2025-05-25 10:34:47 IST)" executed successfully
2025-05-25 10:34:47,552 - apscheduler.executors.default - INFO - Running job "check_and_send_reminder (trigger: interval[0:00:10], next run at: 2025-05-25 10:34:57 IST)" (scheduled at 2025-05-25 10:34:47.544947+05:30)
2025-05-25 10:34:47,553 - apscheduler.executors.default - INFO - Job "check_and_send_reminder (trigger: interval[0:00:10], next run at: 2025-05-25 10:34:57 IST)" executed successfully
2025-05-25 10:34:57,559 - apscheduler.executors.default - INFO - Running job "check_and_send_reminder (trigger: interval[0:00:10], next run at: 2025-05-25 10:35:07 IST)" (scheduled at 2025-05-25 10:34:57.544947+05:30)
2025-05-25 10:34:57,561 - apscheduler.executors.default - INFO - Job "check_and_send_reminder (trigger: interval[0:00:10], next run at: 2025-05-25 10:35:07 IST)" executed successfully
2025-05-25 10:35:07,560 - apscheduler.executors.default - INFO - Running job "check_and_send_reminder (trigger: interval[0:00:10], next run at: 2025-05-25 10:35:17 IST)" (scheduled at 2025-05-25 10:35:07.544947+05:30)
2025-05-25 10:35:07,561 - apscheduler.executors.default - INFO - Job "check_and_send_reminder (trigger: interval[0:00:10], next run at: 2025-05-25 10:35:17 IST)" executed successfully
2025-05-25 10:35:17,554 - apscheduler.executors.default - INFO - Running job "check_and_send_reminder (trigger: interval[0:00:10], next run at: 2025-05-25 10:35:27 IST)" (scheduled at 2025-05-25 10:35:17.544947+05:30)
2025-05-25 10:35:17,555 - apscheduler.executors.default - INFO - Job "check_and_send_reminder (trigger: interval[0:00:10], next run at: 2025-05-25 10:35:27 IST)" executed successfully
2025-05-25 10:35:27,552 - apscheduler.executors.default - INFO - Running job "check_and_send_reminder (trigger: interval[0:00:10], next run at: 2025-05-25 10:35:37 IST)" (scheduled at 2025-05-25 10:35:27.544947+05:30)
2025-05-25 10:35:27,552 - apscheduler.executors.default - INFO - Job "check_and_send_reminder (trigger: interval[0:00:10], next run at: 2025-05-25 10:35:37 IST)" executed successfully
2025-05-25 10:35:37,560 - apscheduler.executors.default - INFO - Running job "check_and_send_reminder (trigger: interval[0:00:10], next run at: 2025-05-25 10:35:47 IST)" (scheduled at 2025-05-25 10:35:37.544947+05:30)
2025-05-25 10:35:37,562 - apscheduler.executors.default - INFO - Job "check_and_send_reminder (trigger: interval[0:00:10], next run at: 2025-05-25 10:35:47 IST)" executed successfully
2025-05-25 10:35:47,553 - apscheduler.executors.default - INFO - Running job "check_and_send_reminder (trigger: interval[0:00:10], next run at: 2025-05-25 10:35:57 IST)" (scheduled at 2025-05-25 10:35:47.544947+05:30)
2025-05-25 10:35:47,554 - apscheduler.executors.default - INFO - Job "check_and_send_reminder (trigger: interval[0:00:10], next run at: 2025-05-25 10:35:57 IST)" executed successfully
2025-05-25 10:35:57,551 - apscheduler.executors.default - INFO - Running job "check_and_send_reminder (trigger: interval[0:00:10], next run at: 2025-05-25 10:36:07 IST)" (scheduled at 2025-05-25 10:35:57.544947+05:30)
2025-05-25 10:35:57,553 - apscheduler.executors.default - INFO - Job "check_and_send_reminder (trigger: interval[0:00:10], next run at: 2025-05-25 10:36:07 IST)" executed successfully
2025-05-25 10:36:07,553 - apscheduler.executors.default - INFO - Running job "check_and_send_reminder (trigger: interval[0:00:10], next run at: 2025-05-25 10:36:17 IST)" (scheduled at 2025-05-25 10:36:07.544947+05:30)
2025-05-25 10:36:07,555 - apscheduler.executors.default - INFO - Job "check_and_send_reminder (trigger: interval[0:00:10], next run at: 2025-05-25 10:36:17 IST)" executed successfully
2025-05-25 10:36:17,547 - apscheduler.executors.default - INFO - Running job "check_and_send_reminder (trigger: interval[0:00:10], next run at: 2025-05-25 10:36:27 IST)" (scheduled at 2025-05-25 10:36:17.544947+05:30)
2025-05-25 10:36:17,548 - apscheduler.executors.default - INFO - Job "check_and_send_reminder (trigger: interval[0:00:10], next run at: 2025-05-25 10:36:27 IST)" executed successfully
2025-05-25 10:36:27,561 - apscheduler.executors.default - INFO - Running job "check_and_send_reminder (trigger: interval[0:00:10], next run at: 2025-05-25 10:36:37 IST)" (scheduled at 2025-05-25 10:36:27.544947+05:30)
2025-05-25 10:36:27,562 - apscheduler.executors.default - INFO - Job "check_and_send_reminder (trigger: interval[0:00:10], next run at: 2025-05-25 10:36:37 IST)" executed successfully
2025-05-25 10:36:37,546 - apscheduler.executors.default - INFO - Running job "check_and_send_reminder (trigger: interval[0:00:10], next run at: 2025-05-25 10:36:47 IST)" (scheduled at 2025-05-25 10:36:37.544947+05:30)
2025-05-25 10:36:37,547 - apscheduler.executors.default - INFO - Job "check_and_send_reminder (trigger: interval[0:00:10], next run at: 2025-05-25 10:36:47 IST)" executed successfully
2025-05-25 10:36:47,548 - apscheduler.executors.default - INFO - Running job "check_and_send_reminder (trigger: interval[0:00:10], next run at: 2025-05-25 10:36:57 IST)" (scheduled at 2025-05-25 10:36:47.544947+05:30)
2025-05-25 10:36:47,549 - apscheduler.executors.default - INFO - Job "check_and_send_reminder (trigger: interval[0:00:10], next run at: 2025-05-25 10:36:57 IST)" executed successfully
2025-05-25 10:36:57,555 - apscheduler.executors.default - INFO - Running job "check_and_send_reminder (trigger: interval[0:00:10], next run at: 2025-05-25 10:37:07 IST)" (scheduled at 2025-05-25 10:36:57.544947+05:30)
2025-05-25 10:36:57,556 - apscheduler.executors.default - INFO - Job "check_and_send_reminder (trigger: interval[0:00:10], next run at: 2025-05-25 10:37:07 IST)" executed successfully
2025-05-25 10:37:07,559 - apscheduler.executors.default - INFO - Running job "check_and_send_reminder (trigger: interval[0:00:10], next run at: 2025-05-25 10:37:17 IST)" (scheduled at 2025-05-25 10:37:07.544947+05:30)
2025-05-25 10:37:07,561 - apscheduler.executors.default - INFO - Job "check_and_send_reminder (trigger: interval[0:00:10], next run at: 2025-05-25 10:37:17 IST)" executed successfully
2025-05-25 10:37:17,547 - apscheduler.executors.default - INFO - Running job "check_and_send_reminder (trigger: interval[0:00:10], next run at: 2025-05-25 10:37:27 IST)" (scheduled at 2025-05-25 10:37:17.544947+05:30)
2025-05-25 10:37:17,547 - apscheduler.executors.default - INFO - Job "check_and_send_reminder (trigger: interval[0:00:10], next run at: 2025-05-25 10:37:27 IST)" executed successfully
2025-05-25 10:37:27,549 - apscheduler.executors.default - INFO - Running job "check_and_send_reminder (trigger: interval[0:00:10], next run at: 2025-05-25 10:37:37 IST)" (scheduled at 2025-05-25 10:37:27.544947+05:30)
2025-05-25 10:37:27,550 - apscheduler.executors.default - INFO - Job "check_and_send_reminder (trigger: interval[0:00:10], next run at: 2025-05-25 10:37:37 IST)" executed successfully
2025-05-25 10:37:37,558 - apscheduler.executors.default - INFO - Running job "check_and_send_reminder (trigger: interval[0:00:10], next run at: 2025-05-25 10:37:47 IST)" (scheduled at 2025-05-25 10:37:37.544947+05:30)
2025-05-25 10:37:37,559 - apscheduler.executors.default - INFO - Job "check_and_send_reminder (trigger: interval[0:00:10], next run at: 2025-05-25 10:37:47 IST)" executed successfully
2025-05-25 10:37:47,553 - apscheduler.executors.default - INFO - Running job "check_and_send_reminder (trigger: interval[0:00:10], next run at: 2025-05-25 10:37:57 IST)" (scheduled at 2025-05-25 10:37:47.544947+05:30)
2025-05-25 10:37:47,558 - apscheduler.executors.default - INFO - Job "check_and_send_reminder (trigger: interval[0:00:10], next run at: 2025-05-25 10:37:57 IST)" executed successfully
2025-05-25 10:37:57,559 - apscheduler.executors.default - INFO - Running job "check_and_send_reminder (trigger: interval[0:00:10], next run at: 2025-05-25 10:38:07 IST)" (scheduled at 2025-05-25 10:37:57.544947+05:30)
2025-05-25 10:37:57,559 - apscheduler.executors.default - INFO - Job "check_and_send_reminder (trigger: interval[0:00:10], next run at: 2025-05-25 10:38:07 IST)" executed successfully
2025-05-25 10:38:07,545 - apscheduler.executors.default - INFO - Running job "check_and_send_reminder (trigger: interval[0:00:10], next run at: 2025-05-25 10:38:17 IST)" (scheduled at 2025-05-25 10:38:07.544947+05:30)
2025-05-25 10:38:07,550 - apscheduler.executors.default - INFO - Job "check_and_send_reminder (trigger: interval[0:00:10], next run at: 2025-05-25 10:38:17 IST)" executed successfully
2025-05-25 10:38:17,548 - apscheduler.executors.default - INFO - Running job "check_and_send_reminder (trigger: interval[0:00:10], next run at: 2025-05-25 10:38:27 IST)" (scheduled at 2025-05-25 10:38:17.544947+05:30)
2025-05-25 10:38:17,549 - apscheduler.executors.default - INFO - Job "check_and_send_reminder (trigger: interval[0:00:10], next run at: 2025-05-25 10:38:27 IST)" executed successfully
2025-05-25 10:38:27,549 - apscheduler.executors.default - INFO - Running job "check_and_send_reminder (trigger: interval[0:00:10], next run at: 2025-05-25 10:38:37 IST)" (scheduled at 2025-05-25 10:38:27.544947+05:30)
2025-05-25 10:38:27,550 - apscheduler.executors.default - INFO - Job "check_and_send_reminder (trigger: interval[0:00:10], next run at: 2025-05-25 10:38:37 IST)" executed successfully
2025-05-25 10:38:37,553 - apscheduler.executors.default - INFO - Running job "check_and_send_reminder (trigger: interval[0:00:10], next run at: 2025-05-25 10:38:47 IST)" (scheduled at 2025-05-25 10:38:37.544947+05:30)
2025-05-25 10:38:37,554 - apscheduler.executors.default - INFO - Job "check_and_send_reminder (trigger: interval[0:00:10], next run at: 2025-05-25 10:38:47 IST)" executed successfully
2025-05-25 10:38:47,551 - apscheduler.executors.default - INFO - Running job "check_and_send_reminder (trigger: interval[0:00:10], next run at: 2025-05-25 10:38:57 IST)" (scheduled at 2025-05-25 10:38:47.544947+05:30)
2025-05-25 10:38:47,552 - apscheduler.executors.default - INFO - Job "check_and_send_reminder (trigger: interval[0:00:10], next run at: 2025-05-25 10:38:57 IST)" executed successfully
2025-05-25 10:38:57,561 - apscheduler.executors.default - INFO - Running job "check_and_send_reminder (trigger: interval[0:00:10], next run at: 2025-05-25 10:39:07 IST)" (scheduled at 2025-05-25 10:38:57.544947+05:30)
2025-05-25 10:38:57,568 - apscheduler.executors.default - INFO - Job "check_and_send_reminder (trigger: interval[0:00:10], next run at: 2025-05-25 10:39:07 IST)" executed successfully
2025-05-25 10:39:07,552 - apscheduler.executors.default - INFO - Running job "check_and_send_reminder (trigger: interval[0:00:10], next run at: 2025-05-25 10:39:17 IST)" (scheduled at 2025-05-25 10:39:07.544947+05:30)
2025-05-25 10:39:07,553 - apscheduler.executors.default - INFO - Job "check_and_send_reminder (trigger: interval[0:00:10], next run at: 2025-05-25 10:39:17 IST)" executed successfully
2025-05-25 10:39:17,550 - apscheduler.executors.default - INFO - Running job "check_and_send_reminder (trigger: interval[0:00:10], next run at: 2025-05-25 10:39:27 IST)" (scheduled at 2025-05-25 10:39:17.544947+05:30)
2025-05-25 10:39:17,551 - apscheduler.executors.default - INFO - Job "check_and_send_reminder (trigger: interval[0:00:10], next run at: 2025-05-25 10:39:27 IST)" executed successfully
2025-05-25 10:39:27,555 - apscheduler.executors.default - INFO - Running job "check_and_send_reminder (trigger: interval[0:00:10], next run at: 2025-05-25 10:39:37 IST)" (scheduled at 2025-05-25 10:39:27.544947+05:30)
2025-05-25 10:39:27,556 - apscheduler.executors.default - INFO - Job "check_and_send_reminder (trigger: interval[0:00:10], next run at: 2025-05-25 10:39:37 IST)" executed successfully
2025-05-25 10:39:37,571 - apscheduler.executors.default - INFO - Running job "check_and_send_reminder (trigger: interval[0:00:10], next run at: 2025-05-25 10:39:47 IST)" (scheduled at 2025-05-25 10:39:37.544947+05:30)
2025-05-25 10:39:37,574 - apscheduler.executors.default - INFO - Job "check_and_send_reminder (trigger: interval[0:00:10], next run at: 2025-05-25 10:39:47 IST)" executed successfully
2025-05-25 10:39:47,548 - apscheduler.executors.default - INFO - Running job "check_and_send_reminder (trigger: interval[0:00:10], next run at: 2025-05-25 10:39:57 IST)" (scheduled at 2025-05-25 10:39:47.544947+05:30)
2025-05-25 10:39:47,553 - apscheduler.executors.default - INFO - Job "check_and_send_reminder (trigger: interval[0:00:10], next run at: 2025-05-25 10:39:57 IST)" executed successfully
2025-05-25 10:39:57,586 - apscheduler.executors.default - INFO - Running job "check_and_send_reminder (trigger: interval[0:00:10], next run at: 2025-05-25 10:40:07 IST)" (scheduled at 2025-05-25 10:39:57.544947+05:30)
2025-05-25 10:39:57,635 - apscheduler.executors.default - INFO - Job "check_and_send_reminder (trigger: interval[0:00:10], next run at: 2025-05-25 10:40:07 IST)" executed successfully
2025-05-25 10:40:07,547 - apscheduler.executors.default - INFO - Running job "check_and_send_reminder (trigger: interval[0:00:10], next run at: 2025-05-25 10:40:17 IST)" (scheduled at 2025-05-25 10:40:07.544947+05:30)
2025-05-25 10:40:07,548 - apscheduler.executors.default - INFO - Job "check_and_send_reminder (trigger: interval[0:00:10], next run at: 2025-05-25 10:40:17 IST)" executed successfully
2025-05-25 10:40:17,547 - apscheduler.executors.default - INFO - Running job "check_and_send_reminder (trigger: interval[0:00:10], next run at: 2025-05-25 10:40:27 IST)" (scheduled at 2025-05-25 10:40:17.544947+05:30)
2025-05-25 10:40:17,550 - apscheduler.executors.default - INFO - Job "check_and_send_reminder (trigger: interval[0:00:10], next run at: 2025-05-25 10:40:27 IST)" executed successfully
2025-05-25 10:40:27,549 - apscheduler.executors.default - INFO - Running job "check_and_send_reminder (trigger: interval[0:00:10], next run at: 2025-05-25 10:40:37 IST)" (scheduled at 2025-05-25 10:40:27.544947+05:30)
2025-05-25 10:40:27,550 - apscheduler.executors.default - INFO - Job "check_and_send_reminder (trigger: interval[0:00:10], next run at: 2025-05-25 10:40:37 IST)" executed successfully
2025-05-25 10:40:37,547 - apscheduler.executors.default - INFO - Running job "check_and_send_reminder (trigger: interval[0:00:10], next run at: 2025-05-25 10:40:47 IST)" (scheduled at 2025-05-25 10:40:37.544947+05:30)
2025-05-25 10:40:37,556 - apscheduler.executors.default - INFO - Job "check_and_send_reminder (trigger: interval[0:00:10], next run at: 2025-05-25 10:40:47 IST)" executed successfully
2025-05-25 10:40:47,545 - apscheduler.executors.default - INFO - Running job "check_and_send_reminder (trigger: interval[0:00:10], next run at: 2025-05-25 10:40:57 IST)" (scheduled at 2025-05-25 10:40:47.544947+05:30)
2025-05-25 10:40:47,546 - apscheduler.executors.default - INFO - Job "check_and_send_reminder (trigger: interval[0:00:10], next run at: 2025-05-25 10:40:57 IST)" executed successfully
2025-05-25 10:40:57,560 - apscheduler.executors.default - INFO - Running job "check_and_send_reminder (trigger: interval[0:00:10], next run at: 2025-05-25 10:41:07 IST)" (scheduled at 2025-05-25 10:40:57.544947+05:30)
2025-05-25 10:40:57,561 - apscheduler.executors.default - INFO - Job "check_and_send_reminder (trigger: interval[0:00:10], next run at: 2025-05-25 10:41:07 IST)" executed successfully
2025-05-25 10:41:07,555 - apscheduler.executors.default - INFO - Running job "check_and_send_reminder (trigger: interval[0:00:10], next run at: 2025-05-25 10:41:17 IST)" (scheduled at 2025-05-25 10:41:07.544947+05:30)
2025-05-25 10:41:07,557 - apscheduler.executors.default - INFO - Job "check_and_send_reminder (trigger: interval[0:00:10], next run at: 2025-05-25 10:41:17 IST)" executed successfully
2025-05-25 10:41:17,552 - apscheduler.executors.default - INFO - Running job "check_and_send_reminder (trigger: interval[0:00:10], next run at: 2025-05-25 10:41:27 IST)" (scheduled at 2025-05-25 10:41:17.544947+05:30)
2025-05-25 10:41:17,553 - apscheduler.executors.default - INFO - Job "check_and_send_reminder (trigger: interval[0:00:10], next run at: 2025-05-25 10:41:27 IST)" executed successfully
2025-05-25 10:41:27,550 - apscheduler.executors.default - INFO - Running job "check_and_send_reminder (trigger: interval[0:00:10], next run at: 2025-05-25 10:41:37 IST)" (scheduled at 2025-05-25 10:41:27.544947+05:30)
2025-05-25 10:41:27,554 - apscheduler.executors.default - INFO - Job "check_and_send_reminder (trigger: interval[0:00:10], next run at: 2025-05-25 10:41:37 IST)" executed successfully
2025-05-25 10:41:37,546 - apscheduler.executors.default - INFO - Running job "check_and_send_reminder (trigger: interval[0:00:10], next run at: 2025-05-25 10:41:47 IST)" (scheduled at 2025-05-25 10:41:37.544947+05:30)
2025-05-25 10:41:37,547 - apscheduler.executors.default - INFO - Job "check_and_send_reminder (trigger: interval[0:00:10], next run at: 2025-05-25 10:41:47 IST)" executed successfully
2025-05-25 10:41:47,552 - apscheduler.executors.default - INFO - Running job "check_and_send_reminder (trigger: interval[0:00:10], next run at: 2025-05-25 10:41:57 IST)" (scheduled at 2025-05-25 10:41:47.544947+05:30)
2025-05-25 10:41:47,554 - apscheduler.executors.default - INFO - Job "check_and_send_reminder (trigger: interval[0:00:10], next run at: 2025-05-25 10:41:57 IST)" executed successfully
2025-05-25 10:41:57,546 - apscheduler.executors.default - INFO - Running job "check_and_send_reminder (trigger: interval[0:00:10], next run at: 2025-05-25 10:42:07 IST)" (scheduled at 2025-05-25 10:41:57.544947+05:30)
2025-05-25 10:41:57,547 - apscheduler.executors.default - INFO - Job "check_and_send_reminder (trigger: interval[0:00:10], next run at: 2025-05-25 10:42:07 IST)" executed successfully
2025-05-25 10:42:07,550 - apscheduler.executors.default - INFO - Running job "check_and_send_reminder (trigger: interval[0:00:10], next run at: 2025-05-25 10:42:17 IST)" (scheduled at 2025-05-25 10:42:07.544947+05:30)
2025-05-25 10:42:07,550 - apscheduler.executors.default - INFO - Job "check_and_send_reminder (trigger: interval[0:00:10], next run at: 2025-05-25 10:42:17 IST)" executed successfully
2025-05-25 10:42:17,558 - apscheduler.executors.default - INFO - Running job "check_and_send_reminder (trigger: interval[0:00:10], next run at: 2025-05-25 10:42:27 IST)" (scheduled at 2025-05-25 10:42:17.544947+05:30)
2025-05-25 10:42:17,559 - apscheduler.executors.default - INFO - Job "check_and_send_reminder (trigger: interval[0:00:10], next run at: 2025-05-25 10:42:27 IST)" executed successfully
2025-05-25 10:42:27,558 - apscheduler.executors.default - INFO - Running job "check_and_send_reminder (trigger: interval[0:00:10], next run at: 2025-05-25 10:42:37 IST)" (scheduled at 2025-05-25 10:42:27.544947+05:30)
2025-05-25 10:42:27,559 - apscheduler.executors.default - INFO - Job "check_and_send_reminder (trigger: interval[0:00:10], next run at: 2025-05-25 10:42:37 IST)" executed successfully
2025-05-25 10:42:37,560 - apscheduler.executors.default - INFO - Running job "check_and_send_reminder (trigger: interval[0:00:10], next run at: 2025-05-25 10:42:47 IST)" (scheduled at 2025-05-25 10:42:37.544947+05:30)
2025-05-25 10:42:37,561 - apscheduler.executors.default - INFO - Job "check_and_send_reminder (trigger: interval[0:00:10], next run at: 2025-05-25 10:42:47 IST)" executed successfully
2025-05-25 10:42:47,546 - apscheduler.executors.default - INFO - Running job "check_and_send_reminder (trigger: interval[0:00:10], next run at: 2025-05-25 10:42:57 IST)" (scheduled at 2025-05-25 10:42:47.544947+05:30)
2025-05-25 10:42:47,547 - apscheduler.executors.default - INFO - Job "check_and_send_reminder (trigger: interval[0:00:10], next run at: 2025-05-25 10:42:57 IST)" executed successfully
2025-05-25 10:42:57,556 - apscheduler.executors.default - INFO - Running job "check_and_send_reminder (trigger: interval[0:00:10], next run at: 2025-05-25 10:43:07 IST)" (scheduled at 2025-05-25 10:42:57.544947+05:30)
2025-05-25 10:42:57,557 - apscheduler.executors.default - INFO - Job "check_and_send_reminder (trigger: interval[0:00:10], next run at: 2025-05-25 10:43:07 IST)" executed successfully
2025-05-25 10:43:07,560 - apscheduler.executors.default - INFO - Running job "check_and_send_reminder (trigger: interval[0:00:10], next run at: 2025-05-25 10:43:17 IST)" (scheduled at 2025-05-25 10:43:07.544947+05:30)
2025-05-25 10:43:07,561 - apscheduler.executors.default - INFO - Job "check_and_send_reminder (trigger: interval[0:00:10], next run at: 2025-05-25 10:43:17 IST)" executed successfully
2025-05-25 10:43:17,555 - apscheduler.executors.default - INFO - Running job "check_and_send_reminder (trigger: interval[0:00:10], next run at: 2025-05-25 10:43:27 IST)" (scheduled at 2025-05-25 10:43:17.544947+05:30)
2025-05-25 10:43:17,556 - apscheduler.executors.default - INFO - Job "check_and_send_reminder (trigger: interval[0:00:10], next run at: 2025-05-25 10:43:27 IST)" executed successfully
2025-05-25 10:43:27,577 - apscheduler.executors.default - INFO - Running job "check_and_send_reminder (trigger: interval[0:00:10], next run at: 2025-05-25 10:43:37 IST)" (scheduled at 2025-05-25 10:43:27.544947+05:30)
2025-05-25 10:43:27,582 - apscheduler.executors.default - INFO - Job "check_and_send_reminder (trigger: interval[0:00:10], next run at: 2025-05-25 10:43:37 IST)" executed successfully
2025-05-25 10:43:37,552 - apscheduler.executors.default - INFO - Running job "check_and_send_reminder (trigger: interval[0:00:10], next run at: 2025-05-25 10:43:47 IST)" (scheduled at 2025-05-25 10:43:37.544947+05:30)
2025-05-25 10:43:37,554 - apscheduler.executors.default - INFO - Job "check_and_send_reminder (trigger: interval[0:00:10], next run at: 2025-05-25 10:43:47 IST)" executed successfully
2025-05-25 10:43:47,560 - apscheduler.executors.default - INFO - Running job "check_and_send_reminder (trigger: interval[0:00:10], next run at: 2025-05-25 10:43:57 IST)" (scheduled at 2025-05-25 10:43:47.544947+05:30)
2025-05-25 10:43:47,561 - apscheduler.executors.default - INFO - Job "check_and_send_reminder (trigger: interval[0:00:10], next run at: 2025-05-25 10:43:57 IST)" executed successfully
2025-05-25 10:43:57,557 - apscheduler.executors.default - INFO - Running job "check_and_send_reminder (trigger: interval[0:00:10], next run at: 2025-05-25 10:44:07 IST)" (scheduled at 2025-05-25 10:43:57.544947+05:30)
2025-05-25 10:43:57,560 - apscheduler.executors.default - INFO - Job "check_and_send_reminder (trigger: interval[0:00:10], next run at: 2025-05-25 10:44:07 IST)" executed successfully
2025-05-25 10:44:07,557 - apscheduler.executors.default - INFO - Running job "check_and_send_reminder (trigger: interval[0:00:10], next run at: 2025-05-25 10:44:17 IST)" (scheduled at 2025-05-25 10:44:07.544947+05:30)
2025-05-25 10:44:07,561 - apscheduler.executors.default - INFO - Job "check_and_send_reminder (trigger: interval[0:00:10], next run at: 2025-05-25 10:44:17 IST)" executed successfully
2025-05-25 10:44:17,555 - apscheduler.executors.default - INFO - Running job "check_and_send_reminder (trigger: interval[0:00:10], next run at: 2025-05-25 10:44:27 IST)" (scheduled at 2025-05-25 10:44:17.544947+05:30)
2025-05-25 10:44:17,556 - apscheduler.executors.default - INFO - Job "check_and_send_reminder (trigger: interval[0:00:10], next run at: 2025-05-25 10:44:27 IST)" executed successfully
2025-05-25 10:44:27,560 - apscheduler.executors.default - INFO - Running job "check_and_send_reminder (trigger: interval[0:00:10], next run at: 2025-05-25 10:44:37 IST)" (scheduled at 2025-05-25 10:44:27.544947+05:30)
2025-05-25 10:44:27,560 - apscheduler.executors.default - INFO - Job "check_and_send_reminder (trigger: interval[0:00:10], next run at: 2025-05-25 10:44:37 IST)" executed successfully
2025-05-25 10:44:35,197 - werkzeug - INFO -  * Detected change in 'D:\\practice\\scaler\\New folder\\EchoMind\\Backend\\app.py', reloading
2025-05-25 10:44:35,867 - werkzeug - INFO -  * Restarting with stat
2025-05-25 10:44:40,519 - apscheduler.scheduler - INFO - Scheduler started
2025-05-25 10:44:40,583 - werkzeug - WARNING -  * Debugger is active!
2025-05-25 10:44:40,595 - werkzeug - INFO -  * Debugger PIN: 123-026-746
